<?xml version="1.0" encoding="UTF-8"?>
<!-- Generated by org.testng.reporters.JUnitXMLReporter -->
<testsuite ignored="2" hostname="DESKTOP-C5NNEHG" failures="1" tests="3" name="ChromeTest" time="41.023" errors="0" timestamp="2022-04-10T12:46:10 IST">
  <testcase classname="TestCases.HomePageTesting" name="searchAnItem" time="15.036"/>
  <testcase classname="TestCases.LogInTestCase" name="verificationOfLoginPage" time="0.166">
    <failure type="java.lang.AssertionError" message="expected [true] but found [false]">
      <![CDATA[java.lang.AssertionError: expected [true] but found [false]
at TestCases.LogInTestCase.verificationOfLoginPage(LogInTestCase.java:52)
at java.base/java.util.ArrayList.forEach(ArrayList.java:1511)
... Removed 32 stack frames]]>
    </failure>
  </testcase> <!-- verificationOfLoginPage -->
  <testcase classname="TestCases.LogInTestCase" name="createWishList" time="5.945"/>
  <testcase classname="BaseLayer.TestBase" name="@AfterSuite afterSuit" time="0.0">
    <ignored/>
  </testcase> <!-- @AfterSuite afterSuit -->
  <testcase classname="BaseLayer.TestBase" name="@BeforeSuite setUpSuit" time="0.0">
    <ignored/>
  </testcase> <!-- @BeforeSuite setUpSuit -->
</testsuite> <!-- ChromeTest -->
